[INFO] Module GCC/9.4.0 loaded.

Inactive Modules:
  1) UCX/1.17.0     2) numactl/2.0.16

The following have been reloaded with a version change:
  1) GCCcore/.11.3.0 => GCCcore/.9.4.0     3) zlib/1.2.13 => zlib/1.2.11
  2) binutils/2.38 => binutils/2.36.1

[INFO] Module CUDA/11.8.0 loaded.
[INFO] Module cuDNN/8.6.0.163-CUDA-11.8.0 loaded.
Traceback (most recent call last):
  File "/home/md334167/elzerman-with-unet/unet_train.py", line 187, in <module>
    main()
  File "/home/md334167/elzerman-with-unet/unet_train.py", line 166, in main
    plot_unet(model, test_loader, model_dir, snr)
  File "/rwthfs/rz/cluster/home/md334167/elzerman-with-unet/test_lib.py", line 136, in plot_unet
    plt.savefig(os.path.join(model_dir, f'unet_{snr}_{i}.pdf'))  # Save each figure
    ^^^^^^^^^^^^^^^^^^^^^^^^^^^^^^^^^^^^^^^^^^^^^^^^^^^^^^^^^^^
  File "/home/md334167/miniconda3/envs/DL/lib/python3.11/site-packages/matplotlib/pyplot.py", line 1228, in savefig
    res = fig.savefig(*args, **kwargs)  # type: ignore[func-returns-value]
          ^^^^^^^^^^^^^^^^^^^^^^^^^^^^
  File "/home/md334167/miniconda3/envs/DL/lib/python3.11/site-packages/matplotlib/figure.py", line 3395, in savefig
    self.canvas.print_figure(fname, **kwargs)
  File "/home/md334167/miniconda3/envs/DL/lib/python3.11/site-packages/matplotlib/backend_bases.py", line 2204, in print_figure
    result = print_method(
             ^^^^^^^^^^^^^
  File "/home/md334167/miniconda3/envs/DL/lib/python3.11/site-packages/matplotlib/backend_bases.py", line 2054, in <lambda>
    print_method = functools.wraps(meth)(lambda *args, **kwargs: meth(
                                                                 ^^^^^
  File "/home/md334167/miniconda3/envs/DL/lib/python3.11/site-packages/matplotlib/backends/backend_pdf.py", line 2802, in print_pdf
    file.finalize()
  File "/home/md334167/miniconda3/envs/DL/lib/python3.11/site-packages/matplotlib/backends/backend_pdf.py", line 828, in finalize
    self.writeFonts()
  File "/home/md334167/miniconda3/envs/DL/lib/python3.11/site-packages/matplotlib/backends/backend_pdf.py", line 974, in writeFonts
    fonts[Fx] = self.embedTTF(filename, chars)
                ^^^^^^^^^^^^^^^^^^^^^^^^^^^^^^
  File "/home/md334167/miniconda3/envs/DL/lib/python3.11/site-packages/matplotlib/backends/backend_pdf.py", line 1451, in embedTTF
    return embedTTFType3(font, characters, descriptor)
           ^^^^^^^^^^^^^^^^^^^^^^^^^^^^^^^^^^^^^^^^^^^
  File "/home/md334167/miniconda3/envs/DL/lib/python3.11/site-packages/matplotlib/backends/backend_pdf.py", line 1224, in embedTTFType3
    rawcharprocs = _get_pdf_charprocs(filename, glyph_ids)
                   ^^^^^^^^^^^^^^^^^^^^^^^^^^^^^^^^^^^^^^^
  File "/home/md334167/miniconda3/envs/DL/lib/python3.11/site-packages/matplotlib/backends/backend_pdf.py", line 642, in _get_pdf_charprocs
    .all(axis=1)]
     ^^^^^^^^^^^
  File "/home/md334167/miniconda3/envs/DL/lib/python3.11/site-packages/numpy/_core/_methods.py", line 14, in <module>
    from numpy._core import numerictypes as nt
  File "/home/md334167/miniconda3/envs/DL/lib/python3.11/site-packages/numpy/_core/numerictypes.py", line 102, in <module>
    from ._type_aliases import (
  File "/home/md334167/miniconda3/envs/DL/lib/python3.11/site-packages/numpy/_core/_type_aliases.py", line 38, in <module>
    allTypes[_abstract_type_name] = getattr(ma, _abstract_type_name)
                                    ^^^^^^^^^^^^^^^^^^^^^^^^^^^^^^^^
AttributeError: module 'numpy.core.multiarray' has no attribute 'generic'
