[INFO] Module GCC/9.4.0 loaded.

Inactive Modules:
  1) UCX/1.17.0     2) numactl/2.0.16

The following have been reloaded with a version change:
  1) GCCcore/.11.3.0 => GCCcore/.9.4.0     3) zlib/1.2.13 => zlib/1.2.11
  2) binutils/2.38 => binutils/2.36.1

[INFO] Module CUDA/11.8.0 loaded.
[INFO] Module cuDNN/8.6.0.163-CUDA-11.8.0 loaded.
Exception ignored in: <function _MultiProcessingDataLoaderIter.__del__ at 0x1526f09acae0>
Traceback (most recent call last):
  File "/home/md334167/miniconda3/envs/DL/lib/python3.11/site-packages/torch/utils/data/dataloader.py", line 1477, in __del__
    self._shutdown_workers()
  File "/home/md334167/miniconda3/envs/DL/lib/python3.11/site-packages/torch/utils/data/dataloader.py", line 1460, in _shutdown_workers
    if w.is_alive():
       ^^^^^^^^^^^^
  File "/home/md334167/miniconda3/envs/DL/lib/python3.11/multiprocessing/process.py", line 160, in is_alive
    assert self._parent_pid == os.getpid(), 'can only test a child process'
           ^^^^^^^^^^^^^^^^^^^^^^^^^^^^^^^
AssertionError: can only test a child process
Exception ignored in: <function _MultiProcessingDataLoaderIter.__del__ at 0x1526f09acae0>
Traceback (most recent call last):
  File "/home/md334167/miniconda3/envs/DL/lib/python3.11/site-packages/torch/utils/data/dataloader.py", line 1477, in __del__
    self._shutdown_workers()
  File "/home/md334167/miniconda3/envs/DL/lib/python3.11/site-packages/torch/utils/data/dataloader.py", line 1460, in _shutdown_workers
    if w.is_alive():
       ^^^^^^^^^^^^
  File "/home/md334167/miniconda3/envs/DL/lib/python3.11/multiprocessing/process.py", line 160, in is_alive
    assert self._parent_pid == os.getpid(), 'can only test a child process'
           ^^^^^^^^^^^^^^^^^^^^^^^^^^^^^^^
AssertionError: can only test a child process
Exception ignored in: <function _MultiProcessingDataLoaderIter.__del__ at 0x1526f09acae0>
Traceback (most recent call last):
  File "/home/md334167/miniconda3/envs/DL/lib/python3.11/site-packages/torch/utils/data/dataloader.py", line 1477, in __del__
    self._shutdown_workers()
  File "/home/md334167/miniconda3/envs/DL/lib/python3.11/site-packages/torch/utils/data/dataloader.py", line 1460, in _shutdown_workers
    if w.is_alive():
       ^^^^^^^^^^^^
  File "/home/md334167/miniconda3/envs/DL/lib/python3.11/multiprocessing/process.py", line 160, in is_alive
    assert self._parent_pid == os.getpid(), 'can only test a child process'
           ^^^^^^^^^^^^^^^^^^^^^^^^^^^^^^^
AssertionError: can only test a child process
Exception ignored in: <function _MultiProcessingDataLoaderIter.__del__ at 0x1526f09acae0>
Traceback (most recent call last):
  File "/home/md334167/miniconda3/envs/DL/lib/python3.11/site-packages/torch/utils/data/dataloader.py", line 1477, in __del__
    self._shutdown_workers()
  File "/home/md334167/miniconda3/envs/DL/lib/python3.11/site-packages/torch/utils/data/dataloader.py", line 1460, in _shutdown_workers
    if w.is_alive():
       ^^^^^^^^^^^^
  File "/home/md334167/miniconda3/envs/DL/lib/python3.11/multiprocessing/process.py", line 160, in is_alive
    assert self._parent_pid == os.getpid(), 'can only test a child process'
           ^^^^^^^^^^^^^^^^^^^^^^^^^^^^^^^
AssertionError: can only test a child process
Exception ignored in: <function _MultiProcessingDataLoaderIter.__del__ at 0x1526f09acae0>
Traceback (most recent call last):
  File "/home/md334167/miniconda3/envs/DL/lib/python3.11/site-packages/torch/utils/data/dataloader.py", line 1477, in __del__
    self._shutdown_workers()
  File "/home/md334167/miniconda3/envs/DL/lib/python3.11/site-packages/torch/utils/data/dataloader.py", line 1460, in _shutdown_workers
    if w.is_alive():
       ^^^^^^^^^^^^
  File "/home/md334167/miniconda3/envs/DL/lib/python3.11/multiprocessing/process.py", line 160, in is_alive
    assert self._parent_pid == os.getpid(), 'can only test a child process'
           ^^^^^^^^^^^^^^^^^^^^^^^^^^^^^^^
AssertionError: can only test a child process
Exception ignored in: <function _MultiProcessingDataLoaderIter.__del__ at 0x1526f09acae0>
Traceback (most recent call last):
  File "/home/md334167/miniconda3/envs/DL/lib/python3.11/site-packages/torch/utils/data/dataloader.py", line 1477, in __del__
    self._shutdown_workers()
  File "/home/md334167/miniconda3/envs/DL/lib/python3.11/site-packages/torch/utils/data/dataloader.py", line 1460, in _shutdown_workers
    if w.is_alive():
       ^^^^^^^^^^^^
  File "/home/md334167/miniconda3/envs/DL/lib/python3.11/multiprocessing/process.py", line 160, in is_alive
    assert self._parent_pid == os.getpid(), 'can only test a child process'
           ^^^^^^^^^^^^^^^^^^^^^^^^^^^^^^^
AssertionError: can only test a child process
