[INFO] Module GCC/9.4.0 loaded.

Inactive Modules:
  1) UCX/1.17.0     2) numactl/2.0.16

The following have been reloaded with a version change:
  1) GCCcore/.11.3.0 => GCCcore/.9.4.0     3) zlib/1.2.13 => zlib/1.2.11
  2) binutils/2.38 => binutils/2.36.1

[INFO] Module CUDA/11.8.0 loaded.
[INFO] Module cuDNN/8.6.0.163-CUDA-11.8.0 loaded.
Traceback (most recent call last):
  File "/home/md334167/elzerman-with-unet/aenc_train.py", line 190, in <module>
    main()
  File "/home/md334167/elzerman-with-unet/aenc_train.py", line 168, in main
    plot_aenc(model, test_loader, model_dir, snr)
  File "/rwthfs/rz/cluster/home/md334167/elzerman-with-unet/test_lib.py", line 182, in plot_aenc
    snr = format_number(snr)
          ^^^^^^^^^^^^^^^^^^
  File "/rwthfs/rz/cluster/home/md334167/elzerman-with-unet/test_lib.py", line 92, in format_number
    rounded_num = round(num, 2)
                  ^^^^^^^^^^^^^
TypeError: type str doesn't define __round__ method
